0 info it worked if it ends with ok
1 verbose cli [ 'node', '/usr/local/bin/npm', 'install', '-g', 'db-mysql' ]
2 info using npm@1.4.7
3 info using node@v0.10.26
4 verbose node symlink /usr/local/bin/node
5 verbose cache add [ 'db-mysql', null ]
6 verbose cache add name=undefined spec="db-mysql" args=["db-mysql",null]
7 verbose parsed url { protocol: null,
7 verbose parsed url   slashes: null,
7 verbose parsed url   auth: null,
7 verbose parsed url   host: null,
7 verbose parsed url   port: null,
7 verbose parsed url   hostname: null,
7 verbose parsed url   hash: null,
7 verbose parsed url   search: null,
7 verbose parsed url   query: null,
7 verbose parsed url   pathname: 'db-mysql',
7 verbose parsed url   path: 'db-mysql',
7 verbose parsed url   href: 'db-mysql' }
8 silly lockFile c75423d9-db-mysql db-mysql
9 verbose lock db-mysql /Users/hendri_k/.npm/c75423d9-db-mysql.lock
10 silly lockFile c75423d9-db-mysql db-mysql
11 silly lockFile c75423d9-db-mysql db-mysql
12 verbose addNamed [ 'db-mysql', '' ]
13 verbose addNamed [ null, '*' ]
14 silly lockFile a4731413-db-mysql db-mysql@
15 verbose lock db-mysql@ /Users/hendri_k/.npm/a4731413-db-mysql.lock
16 silly addNameRange { name: 'db-mysql', range: '*', hasData: false }
17 verbose url raw db-mysql
18 verbose url resolving [ 'https://registry.npmjs.org/', './db-mysql' ]
19 verbose url resolved https://registry.npmjs.org/db-mysql
20 info trying registry request attempt 1 at 19:21:31
21 verbose etag "AFTR9GROAAZBR2BVNGWQRJPKC"
22 http GET https://registry.npmjs.org/db-mysql
23 http 304 https://registry.npmjs.org/db-mysql
24 silly registry.get cb [ 304,
24 silly registry.get   { date: 'Fri, 11 Jul 2014 12:21:33 GMT',
24 silly registry.get     server: 'Apache',
24 silly registry.get     via: '1.1 varnish',
24 silly registry.get     'last-modified': 'Fri, 11 Jul 2014 12:21:34 GMT',
24 silly registry.get     'cache-control': 'max-age=30',
24 silly registry.get     etag: '"AFTR9GROAAZBR2BVNGWQRJPKC"',
24 silly registry.get     'x-served-by': 'cache-sn86-SIN',
24 silly registry.get     'x-cache': 'HIT',
24 silly registry.get     'x-cache-hits': '1',
24 silly registry.get     'x-timer': 'S1405081293.929051,VS0,VE241',
24 silly registry.get     vary: 'Accept',
24 silly registry.get     'content-length': '0',
24 silly registry.get     'keep-alive': 'timeout=10, max=50',
24 silly registry.get     connection: 'Keep-Alive' } ]
25 verbose etag db-mysql from cache
26 silly addNameRange number 2 { name: 'db-mysql', range: '*', hasData: true }
27 silly addNameRange versions [ 'db-mysql',
27 silly addNameRange   [ '0.4.0',
27 silly addNameRange     '0.4.1',
27 silly addNameRange     '0.4.2',
27 silly addNameRange     '0.4.3',
27 silly addNameRange     '0.4.4',
27 silly addNameRange     '0.4.5',
27 silly addNameRange     '0.4.6',
27 silly addNameRange     '0.4.7',
27 silly addNameRange     '0.4.8',
27 silly addNameRange     '0.4.9',
27 silly addNameRange     '0.5.0',
27 silly addNameRange     '0.5.1',
27 silly addNameRange     '0.5.2',
27 silly addNameRange     '0.5.3',
27 silly addNameRange     '0.5.4',
27 silly addNameRange     '0.5.5',
27 silly addNameRange     '0.5.6',
27 silly addNameRange     '0.5.7',
27 silly addNameRange     '0.5.8',
27 silly addNameRange     '0.5.9',
27 silly addNameRange     '0.6.0',
27 silly addNameRange     '0.6.1',
27 silly addNameRange     '0.6.2',
27 silly addNameRange     '0.6.3',
27 silly addNameRange     '0.6.4',
27 silly addNameRange     '0.6.5',
27 silly addNameRange     '0.6.6',
27 silly addNameRange     '0.6.7',
27 silly addNameRange     '0.6.8',
27 silly addNameRange     '0.6.9',
27 silly addNameRange     '0.7.0',
27 silly addNameRange     '0.7.1',
27 silly addNameRange     '0.7.2',
27 silly addNameRange     '0.7.3',
27 silly addNameRange     '0.7.4',
27 silly addNameRange     '0.7.5',
27 silly addNameRange     '0.7.6' ] ]
28 verbose addNamed [ 'db-mysql', '0.7.6' ]
29 verbose addNamed [ '0.7.6', '0.7.6' ]
30 silly lockFile f70b617c-db-mysql-0-7-6 db-mysql@0.7.6
31 verbose lock db-mysql@0.7.6 /Users/hendri_k/.npm/f70b617c-db-mysql-0-7-6.lock
32 silly lockFile f70b617c-db-mysql-0-7-6 db-mysql@0.7.6
33 silly lockFile f70b617c-db-mysql-0-7-6 db-mysql@0.7.6
34 silly lockFile a4731413-db-mysql db-mysql@
35 silly lockFile a4731413-db-mysql db-mysql@
36 silly resolved [ { name: 'db-mysql',
36 silly resolved     description: 'MySQL database bindings for Node.JS',
36 silly resolved     keywords:
36 silly resolved      [ 'database',
36 silly resolved        'db',
36 silly resolved        'native',
36 silly resolved        'binding',
36 silly resolved        'library',
36 silly resolved        'plugin',
36 silly resolved        'client',
36 silly resolved        'mysql',
36 silly resolved        'libmysql' ],
36 silly resolved     homepage: 'http://nodejsdb.org/db-mysql',
36 silly resolved     version: '0.7.6',
36 silly resolved     engines: { node: '>=0.4.1' },
36 silly resolved     maintainers: [ [Object] ],
36 silly resolved     bugs: { url: 'http://github.com/mariano/node-db-mysql/issues' },
36 silly resolved     licenses: [ [Object] ],
36 silly resolved     repositories: [ [Object] ],
36 silly resolved     main: './db-mysql',
36 silly resolved     scripts:
36 silly resolved      { install: 'node-waf configure build',
36 silly resolved        preuninstall: 'rm -rf build/*',
36 silly resolved        test: 'node-waf test',
36 silly resolved        doc: 'node-waf doc' },
36 silly resolved     devDependencies: { nodeunit: '*', nodelint: '*' },
36 silly resolved     readme: '# db-mysql: MySQL database bindings for Node.js #\n\nFor detailed information about this and other Node.js\ndatabase bindings visit the [Node.js db-mysql homepage] [homepage].\n\n## INSTALL ##\n\nBefore proceeding with installation, you need to have the libmysql\ndevelopment libraries and include files. Access to the mysql_config \nbinary is mandatory, and its path has to be specified prior to \ninstallation (if its not within the system\'s path). For example, if \nthe path to your mysql_config is /usr/local/bin/mysql_config make \nsure to do the following (Ubuntu users need to install the \nlibmysqlclient-dev package):\n\n```bash\n$ export MYSQL_CONFIG=/usr/local/bin/mysql_config\n```\n\nOnce you are sure that either mysql_config is part of the path or that\nyou specified the MYSQL_CONFIG environment var, install with npm:\n\n```bash\n$ npm install db-mysql\n```\n\n## QUICK START ##\n\n```javascript\nvar mysql = require(\'db-mysql\');\nnew mysql.Database({\n    hostname: \'localhost\',\n    user: \'root\',\n    password: \'password\',\n    database: \'node\'\n}).connect(function(error) {\n    if (error) {\n        return console.log("CONNECTION ERROR: " + error);\n    }\n\n    this.query().select(\'*\').from(\'users\').execute(function(error, rows) {\n        if (error) {\n            return console.log(\'ERROR: \' + error);\n        }\n        console.log(rows.length + \' ROWS\');\n    });\n});\n```\n\n## LICENSE ##\n\nThis module is released under the [MIT License] [license].\n\n[homepage]: http://nodejsdb.org/db-mysql\n[license]: http://www.opensource.org/licenses/mit-license.php\n',
36 silly resolved     readmeFilename: 'README.md',
36 silly resolved     repository:
36 silly resolved      { type: 'git',
36 silly resolved        url: 'https://github.com/mariano/node-db-mysql.git' },
36 silly resolved     _id: 'db-mysql@0.7.6',
36 silly resolved     _shasum: 'ff870557afb1ee4197712211d26b6a05394a7aeb',
36 silly resolved     _from: 'db-mysql@',
36 silly resolved     _resolved: 'https://registry.npmjs.org/db-mysql/-/db-mysql-0.7.6.tgz' } ]
37 info install db-mysql@0.7.6 into /usr/local/lib
38 info installOne db-mysql@0.7.6
39 info /usr/local/lib/node_modules/db-mysql unbuild
40 info preuninstall db-mysql@0.7.6
41 verbose unsafe-perm in lifecycle false
42 info uninstall db-mysql@0.7.6
43 verbose true,/usr/local/lib/node_modules,/usr/local/lib/node_modules unbuild db-mysql@0.7.6
44 info postuninstall db-mysql@0.7.6
45 verbose tar unpack /Users/hendri_k/.npm/db-mysql/0.7.6/package.tgz
46 silly lockFile c441c159--local-lib-node-modules-db-mysql tar:///usr/local/lib/node_modules/db-mysql
47 verbose lock tar:///usr/local/lib/node_modules/db-mysql /Users/hendri_k/.npm/c441c159--local-lib-node-modules-db-mysql.lock
48 silly lockFile 14b46455-k-npm-db-mysql-0-7-6-package-tgz tar:///Users/hendri_k/.npm/db-mysql/0.7.6/package.tgz
49 verbose lock tar:///Users/hendri_k/.npm/db-mysql/0.7.6/package.tgz /Users/hendri_k/.npm/14b46455-k-npm-db-mysql-0-7-6-package-tgz.lock
50 silly gunzTarPerm modes [ '755', '644' ]
51 silly gunzTarPerm extractEntry mysql-test-sync.js
52 silly gunzTarPerm extractEntry mysql-test-insert.js
53 silly gunzTarPerm extractEntry mysql-test-manual-query.js
54 silly gunzTarPerm extractEntry README.md
55 silly gunzTarPerm extractEntry tests.js
56 silly gunzTarPerm extractEntry mysql-test-placeholder.js
57 silly gunzTarPerm extractEntry mysql-test-no-connection.js
58 silly gunzTarPerm extractEntry .gitignore
59 silly gunzTarPerm extractEntry wscript
60 silly gunzTarPerm extractEntry CHANGELOG
61 silly gunzTarPerm extractEntry .gitmodules
62 silly gunzTarPerm extractEntry t.js
63 silly gunzTarPerm extractEntry mysql-test-long.js
64 silly gunzTarPerm extractEntry mysql-test.js
65 silly gunzTarPerm extractEntry .npmignore
66 silly gunzTarPerm extractEntry db-mysql.js
67 silly gunzTarPerm extractEntry mysql-test-long-number.js
68 silly gunzTarPerm extractEntry package.json
69 silly gunzTarPerm extractEntry tests-settings.json
70 silly gunzTarPerm extractEntry tests-db.js
71 silly gunzTarPerm extractEntry mysql-test-sync-update.js
72 silly gunzTarPerm extractEntry mysql-test-async.js
73 silly gunzTarPerm extractEntry src/mysql.cc
74 silly gunzTarPerm extractEntry src/result.h
75 silly gunzTarPerm extractEntry src/query.cc
76 silly gunzTarPerm extractEntry src/mysql_bindings.cc
77 silly gunzTarPerm extractEntry src/connection.cc
78 silly gunzTarPerm extractEntry src/query.h
79 silly gunzTarPerm extractEntry src/connection.h
80 silly gunzTarPerm extractEntry src/result.cc
81 silly gunzTarPerm extractEntry src/mysql.h
82 silly gunzTarPerm extractEntry doc/api.html
83 silly gunzTarPerm extractEntry doc/changelog.html
84 silly gunzTarPerm extractEntry doc/index.html
85 silly gunzTarPerm extractEntry lib/node-db/binding.h
86 silly gunzTarPerm extractEntry lib/node-db/events.h
87 silly gunzTarPerm extractEntry lib/node-db/exception.cc
88 silly gunzTarPerm extractEntry lib/node-db/README.md
89 silly gunzTarPerm extractEntry lib/node-db/tests.js
90 silly gunzTarPerm extractEntry lib/node-db/result.h
91 silly gunzTarPerm extractEntry lib/node-db/exception.h
92 silly gunzTarPerm extractEntry lib/node-db/events.cc
93 silly gunzTarPerm extractEntry lib/node-db/query.cc
94 silly gunzTarPerm extractEntry lib/node-db/binding.cc
95 silly gunzTarPerm extractEntry lib/node-db/connection.cc
96 silly gunzTarPerm extractEntry lib/node-db/query.h
97 silly gunzTarPerm extractEntry lib/node-db/connection.h
98 silly gunzTarPerm extractEntry lib/node-db/node_defs.h
99 silly gunzTarPerm extractEntry lib/node-db/result.cc
100 silly lockFile c441c159--local-lib-node-modules-db-mysql tar:///usr/local/lib/node_modules/db-mysql
101 silly lockFile c441c159--local-lib-node-modules-db-mysql tar:///usr/local/lib/node_modules/db-mysql
102 silly lockFile 14b46455-k-npm-db-mysql-0-7-6-package-tgz tar:///Users/hendri_k/.npm/db-mysql/0.7.6/package.tgz
103 silly lockFile 14b46455-k-npm-db-mysql-0-7-6-package-tgz tar:///Users/hendri_k/.npm/db-mysql/0.7.6/package.tgz
104 info preinstall db-mysql@0.7.6
105 verbose readDependencies using package.json deps
106 verbose readDependencies using package.json deps
107 silly resolved []
108 verbose about to build /usr/local/lib/node_modules/db-mysql
109 info build /usr/local/lib/node_modules/db-mysql
110 verbose linkStuff [ true,
110 verbose linkStuff   '/usr/local/lib/node_modules',
110 verbose linkStuff   true,
110 verbose linkStuff   '/usr/local/lib/node_modules' ]
111 info linkStuff db-mysql@0.7.6
112 verbose linkBins db-mysql@0.7.6
113 verbose linkMans db-mysql@0.7.6
114 verbose rebuildBundles db-mysql@0.7.6
115 info install db-mysql@0.7.6
116 verbose unsafe-perm in lifecycle false
117 info db-mysql@0.7.6 Failed to exec install script
118 info /usr/local/lib/node_modules/db-mysql unbuild
119 info preuninstall db-mysql@0.7.6
120 verbose unsafe-perm in lifecycle false
121 info uninstall db-mysql@0.7.6
122 verbose true,/usr/local/lib/node_modules,/usr/local/lib/node_modules unbuild db-mysql@0.7.6
123 info postuninstall db-mysql@0.7.6
124 error db-mysql@0.7.6 install: `node-waf configure build`
124 error Exit status 127
125 error Failed at the db-mysql@0.7.6 install script.
125 error This is most likely a problem with the db-mysql package,
125 error not with npm itself.
125 error Tell the author that this fails on your system:
125 error     node-waf configure build
125 error You can get their info via:
125 error     npm owner ls db-mysql
125 error There is likely additional logging output above.
126 error System Darwin 13.2.0
127 error command "node" "/usr/local/bin/npm" "install" "-g" "db-mysql"
128 error cwd /Users/hendri_k/Documents/workspace/sift_backfil
129 error node -v v0.10.26
130 error npm -v 1.4.7
131 error code ELIFECYCLE
132 verbose exit [ 1, true ]
